# JRE version: OpenJDK Runtime Environment (11.0.8+10) (build 11.0.8+10-b944.6842174)
# Java VM: OpenJDK 64-Bit Server VM (11.0.8+10-b944.6842174, mixed mode, tiered, compressed oops, g1 gc, windows-amd64)
Heap:
 garbage-first heap   total 260096K, used 63301K [0x0000000080000000, 0x0000000100000000)
  region size 1024K, 25 young (25600K), 9 survivors (9216K)
 Metaspace       used 69169K, capacity 70729K, committed 70860K, reserved 1110016K
  class space    used 9068K, capacity 9615K, committed 9728K, reserved 1048576K
GC Heap History (16 events):
Event: 0.963 GC heap before
{Heap before GC invocations=0 (full 0):
 garbage-first heap   total 260096K, used 29696K [0x0000000080000000, 0x0000000100000000)
  region size 1024K, 24 young (24576K), 0 survivors (0K)
 Metaspace       used 10424K, capacity 10663K, committed 10752K, reserved 1058816K
  class space    used 1096K, capacity 1193K, committed 1280K, reserved 1048576K
}
Event: 0.973 GC heap after
{Heap after GC invocations=1 (full 0):
 garbage-first heap   total 260096K, used 8595K [0x0000000080000000, 0x0000000100000000)
  region size 1024K, 3 young (3072K), 3 survivors (3072K)
 Metaspace       used 10424K, capacity 10663K, committed 10752K, reserved 1058816K
  class space    used 1096K, capacity 1193K, committed 1280K, reserved 1048576K
}
Event: 3.101 GC heap before
{Heap before GC invocations=1 (full 0):
 garbage-first heap   total 260096K, used 93587K [0x0000000080000000, 0x0000000100000000)
  region size 1024K, 87 young (89088K), 3 survivors (3072K)
 Metaspace       used 20607K, capacity 21103K, committed 21248K, reserved 1067008K
  class space    used 2526K, capacity 2712K, committed 2816K, reserved 1048576K
}
Event: 3.111 GC heap after
{Heap after GC invocations=2 (full 0):
 garbage-first heap   total 260096K, used 16573K [0x0000000080000000, 0x0000000100000000)
  region size 1024K, 11 young (11264K), 11 survivors (11264K)
 Metaspace       used 20607K, capacity 21103K, committed 21248K, reserved 1067008K
  class space    used 2526K, capacity 2712K, committed 2816K, reserved 1048576K
}
Event: 3.779 GC heap before
{Heap before GC invocations=3 (full 0):
 garbage-first heap   total 260096K, used 56509K [0x0000000080000000, 0x0000000100000000)
  region size 1024K, 50 young (51200K), 11 survivors (11264K)
 Metaspace       used 25213K, capacity 25940K, committed 26112K, reserved 1071104K
  class space    used 3260K, capacity 3496K, committed 3584K, reserved 1048576K
}
Event: 3.788 GC heap after
{Heap after GC invocations=4 (full 0):
 garbage-first heap   total 260096K, used 17651K [0x0000000080000000, 0x0000000100000000)
  region size 1024K, 2 young (2048K), 2 survivors (2048K)
 Metaspace       used 25213K, capacity 25940K, committed 26112K, reserved 1071104K
  class space    used 3260K, capacity 3496K, committed 3584K, reserved 1048576K
}
Event: 5.172 GC heap before
{Heap before GC invocations=4 (full 0):
 garbage-first heap   total 260096K, used 76019K [0x0000000080000000, 0x0000000100000000)
  region size 1024K, 60 young (61440K), 2 survivors (2048K)
 Metaspace       used 35063K, capacity 35785K, committed 35840K, reserved 1081344K
  class space    used 4561K, capacity 4824K, committed 4864K, reserved 1048576K
}
Event: 5.185 GC heap after
{Heap after GC invocations=5 (full 0):
 garbage-first heap   total 260096K, used 21008K [0x0000000080000000, 0x0000000100000000)
  region size 1024K, 6 young (6144K), 6 survivors (6144K)
 Metaspace       used 35063K, capacity 35785K, committed 35840K, reserved 1081344K
  class space    used 4561K, capacity 4824K, committed 4864K, reserved 1048576K
}
Event: 7.365 GC heap before
{Heap before GC invocations=6 (full 0):
 garbage-first heap   total 260096K, used 114192K [0x0000000080000000, 0x0000000100000000)
  region size 1024K, 94 young (96256K), 6 survivors (6144K)
 Metaspace       used 43476K, capacity 44469K, committed 44672K, reserved 1087488K
  class space    used 5571K, capacity 5903K, committed 6016K, reserved 1048576K
}
Event: 7.378 GC heap after
{Heap after GC invocations=7 (full 0):
 garbage-first heap   total 260096K, used 25952K [0x0000000080000000, 0x0000000100000000)
  region size 1024K, 11 young (11264K), 11 survivors (11264K)
 Metaspace       used 43476K, capacity 44469K, committed 44672K, reserved 1087488K
  class space    used 5571K, capacity 5903K, committed 6016K, reserved 1048576K
}
Event: 9.945 GC heap before
{Heap before GC invocations=7 (full 0):
 garbage-first heap   total 260096K, used 164192K [0x0000000080000000, 0x0000000100000000)
  region size 1024K, 144 young (147456K), 11 survivors (11264K)
 Metaspace       used 56012K, capacity 57490K, committed 57600K, reserved 1099776K
  class space    used 7121K, capacity 7602K, committed 7680K, reserved 1048576K
}
Event: 9.975 GC heap after
{Heap after GC invocations=8 (full 0):
 garbage-first heap   total 260096K, used 39669K [0x0000000080000000, 0x0000000100000000)
  region size 1024K, 18 young (18432K), 18 survivors (18432K)
 Metaspace       used 56012K, capacity 57490K, committed 57600K, reserved 1099776K
  class space    used 7121K, capacity 7602K, committed 7680K, reserved 1048576K
}
Event: 10.485 GC heap before
{Heap before GC invocations=8 (full 0):
 garbage-first heap   total 260096K, used 66293K [0x0000000080000000, 0x0000000100000000)
  region size 1024K, 44 young (45056K), 18 survivors (18432K)
 Metaspace       used 58663K, capacity 60111K, committed 60160K, reserved 1101824K
  class space    used 7429K, capacity 7910K, committed 7936K, reserved 1048576K
}
Event: 10.512 GC heap after
{Heap after GC invocations=9 (full 0):
 garbage-first heap   total 260096K, used 43921K [0x0000000080000000, 0x0000000100000000)
  region size 1024K, 5 young (5120K), 5 survivors (5120K)
 Metaspace       used 58663K, capacity 60111K, committed 60160K, reserved 1101824K
  class space    used 7429K, capacity 7910K, committed 7936K, reserved 1048576K
}
Event: 12.647 GC heap before
{Heap before GC invocations=10 (full 0):
 garbage-first heap   total 260096K, used 136081K [0x0000000080000000, 0x0000000100000000)
  region size 1024K, 95 young (97280K), 5 survivors (5120K)
 Metaspace       used 66805K, capacity 68395K, committed 68684K, reserved 1107968K
  class space    used 8724K, capacity 9272K, committed 9344K, reserved 1048576K
}
Event: 12.659 GC heap after
{Heap after GC invocations=11 (full 0):
 garbage-first heap   total 260096K, used 47941K [0x0000000080000000, 0x0000000100000000)
  region size 1024K, 9 young (9216K), 9 survivors (9216K)
 Metaspace       used 66805K, capacity 68395K, committed 68684K, reserved 1107968K
  class space    used 8724K, capacity 9272K, committed 9344K, reserved 1048576K
}

