# JRE version: OpenJDK Runtime Environment (11.0.8+10) (build 11.0.8+10-b944.6842174)
# Java VM: OpenJDK 64-Bit Server VM (11.0.8+10-b944.6842174, mixed mode, tiered, compressed oops, g1 gc, windows-amd64)
Heap:
 garbage-first heap   total 285696K, used 211791K [0x0000000080000000, 0x0000000100000000)
  region size 1024K, 36 young (36864K), 1 survivors (1024K)
 Metaspace       used 105108K, capacity 107552K, committed 107940K, reserved 1142784K
  class space    used 13346K, capacity 14230K, committed 14336K, reserved 1048576K
GC Heap History (20 events):
Event: 2477.852 GC heap before
{Heap before GC invocations=17 (full 0):
 garbage-first heap   total 285696K, used 160256K [0x0000000080000000, 0x0000000100000000)
  region size 1024K, 17 young (17408K), 6 survivors (6144K)
 Metaspace       used 100725K, capacity 103197K, committed 103716K, reserved 1138688K
  class space    used 12886K, capacity 13801K, committed 13952K, reserved 1048576K
}
Event: 2477.870 GC heap after
{Heap after GC invocations=18 (full 0):
 garbage-first heap   total 285696K, used 155443K [0x0000000080000000, 0x0000000100000000)
  region size 1024K, 4 young (4096K), 4 survivors (4096K)
 Metaspace       used 100725K, capacity 103197K, committed 103716K, reserved 1138688K
  class space    used 12886K, capacity 13801K, committed 13952K, reserved 1048576K
}
Event: 2478.743 GC heap before
{Heap before GC invocations=19 (full 0):
 garbage-first heap   total 285696K, used 187187K [0x0000000080000000, 0x0000000100000000)
  region size 1024K, 44 young (45056K), 4 survivors (4096K)
 Metaspace       used 100762K, capacity 103174K, committed 103716K, reserved 1138688K
  class space    used 12856K, capacity 13746K, committed 13952K, reserved 1048576K
}
Event: 2478.772 GC heap after
{Heap after GC invocations=20 (full 0):
 garbage-first heap   total 285696K, used 156929K [0x0000000080000000, 0x0000000100000000)
  region size 1024K, 6 young (6144K), 6 survivors (6144K)
 Metaspace       used 100762K, capacity 103174K, committed 103716K, reserved 1138688K
  class space    used 12856K, capacity 13746K, committed 13952K, reserved 1048576K
}
Event: 2478.915 GC heap before
{Heap before GC invocations=20 (full 0):
 garbage-first heap   total 285696K, used 168193K [0x0000000080000000, 0x0000000100000000)
  region size 1024K, 13 young (13312K), 6 survivors (6144K)
 Metaspace       used 100771K, capacity 103180K, committed 103716K, reserved 1138688K
  class space    used 12856K, capacity 13746K, committed 13952K, reserved 1048576K
}
Event: 2478.941 GC heap after
{Heap after GC invocations=21 (full 0):
 garbage-first heap   total 285696K, used 156986K [0x0000000080000000, 0x0000000100000000)
  region size 1024K, 2 young (2048K), 2 survivors (2048K)
 Metaspace       used 100771K, capacity 103180K, committed 103716K, reserved 1138688K
  class space    used 12856K, capacity 13746K, committed 13952K, reserved 1048576K
}
Event: 2478.951 GC heap before
{Heap before GC invocations=21 (full 0):
 garbage-first heap   total 285696K, used 156986K [0x0000000080000000, 0x0000000100000000)
  region size 1024K, 3 young (3072K), 2 survivors (2048K)
 Metaspace       used 100771K, capacity 103180K, committed 103716K, reserved 1138688K
  class space    used 12856K, capacity 13746K, committed 13952K, reserved 1048576K
}
Event: 2478.962 GC heap after
{Heap after GC invocations=22 (full 0):
 garbage-first heap   total 285696K, used 156910K [0x0000000080000000, 0x0000000100000000)
  region size 1024K, 2 young (2048K), 2 survivors (2048K)
 Metaspace       used 100771K, capacity 103180K, committed 103716K, reserved 1138688K
  class space    used 12856K, capacity 13746K, committed 13952K, reserved 1048576K
}
Event: 2480.046 GC heap before
{Heap before GC invocations=23 (full 0):
 garbage-first heap   total 285696K, used 210158K [0x0000000080000000, 0x0000000100000000)
  region size 1024K, 42 young (43008K), 2 survivors (2048K)
 Metaspace       used 100875K, capacity 103312K, committed 103972K, reserved 1138688K
  class space    used 12855K, capacity 13744K, committed 13952K, reserved 1048576K
}
Event: 2480.056 GC heap after
{Heap after GC invocations=24 (full 0):
 garbage-first heap   total 285696K, used 173834K [0x0000000080000000, 0x0000000100000000)
  region size 1024K, 6 young (6144K), 6 survivors (6144K)
 Metaspace       used 100875K, capacity 103312K, committed 103972K, reserved 1138688K
  class space    used 12855K, capacity 13744K, committed 13952K, reserved 1048576K
}
Event: 2480.199 GC heap before
{Heap before GC invocations=24 (full 0):
 garbage-first heap   total 285696K, used 185098K [0x0000000080000000, 0x0000000100000000)
  region size 1024K, 13 young (13312K), 6 survivors (6144K)
 Metaspace       used 100914K, capacity 103322K, committed 103972K, reserved 1138688K
  class space    used 12856K, capacity 13745K, committed 13952K, reserved 1048576K
}
Event: 2480.209 GC heap after
{Heap after GC invocations=25 (full 0):
 garbage-first heap   total 285696K, used 176226K [0x0000000080000000, 0x0000000100000000)
  region size 1024K, 1 young (1024K), 1 survivors (1024K)
 Metaspace       used 100914K, capacity 103322K, committed 103972K, reserved 1138688K
  class space    used 12856K, capacity 13745K, committed 13952K, reserved 1048576K
}
Event: 2480.290 GC heap before
{Heap before GC invocations=25 (full 0):
 garbage-first heap   total 285696K, used 202850K [0x0000000080000000, 0x0000000100000000)
  region size 1024K, 29 young (29696K), 1 survivors (1024K)
 Metaspace       used 100930K, capacity 103388K, committed 103972K, reserved 1138688K
  class space    used 12856K, capacity 13745K, committed 13952K, reserved 1048576K
}
Event: 2480.300 GC heap after
{Heap after GC invocations=26 (full 0):
 garbage-first heap   total 285696K, used 181653K [0x0000000080000000, 0x0000000100000000)
  region size 1024K, 5 young (5120K), 5 survivors (5120K)
 Metaspace       used 100930K, capacity 103388K, committed 103972K, reserved 1138688K
  class space    used 12856K, capacity 13745K, committed 13952K, reserved 1048576K
}
Event: 2480.638 GC heap before
{Heap before GC invocations=26 (full 0):
 garbage-first heap   total 285696K, used 225685K [0x0000000080000000, 0x0000000100000000)
  region size 1024K, 41 young (41984K), 5 survivors (5120K)
 Metaspace       used 101011K, capacity 103415K, committed 103972K, reserved 1138688K
  class space    used 12856K, capacity 13745K, committed 13952K, reserved 1048576K
}
Event: 2480.650 GC heap after
{Heap after GC invocations=27 (full 0):
 garbage-first heap   total 285696K, used 193643K [0x0000000080000000, 0x0000000100000000)
  region size 1024K, 5 young (5120K), 5 survivors (5120K)
 Metaspace       used 101011K, capacity 103415K, committed 103972K, reserved 1138688K
  class space    used 12856K, capacity 13745K, committed 13952K, reserved 1048576K
}
Event: 2482.050 GC heap before
{Heap before GC invocations=28 (full 0):
 garbage-first heap   total 285696K, used 226411K [0x0000000080000000, 0x0000000100000000)
  region size 1024K, 38 young (38912K), 5 survivors (5120K)
 Metaspace       used 101542K, capacity 103941K, committed 104484K, reserved 1140736K
  class space    used 12916K, capacity 13784K, committed 13952K, reserved 1048576K
}
Event: 2482.058 GC heap after
{Heap after GC invocations=29 (full 0):
 garbage-first heap   total 285696K, used 184886K [0x0000000080000000, 0x0000000100000000)
  region size 1024K, 1 young (1024K), 1 survivors (1024K)
 Metaspace       used 101542K, capacity 103941K, committed 104484K, reserved 1140736K
  class space    used 12916K, capacity 13784K, committed 13952K, reserved 1048576K
}
Event: 2482.362 GC heap before
{Heap before GC invocations=29 (full 0):
 garbage-first heap   total 285696K, used 197174K [0x0000000080000000, 0x0000000100000000)
  region size 1024K, 13 young (13312K), 1 survivors (1024K)
 Metaspace       used 102755K, capacity 105125K, committed 105636K, reserved 1140736K
  class space    used 13073K, capacity 13944K, committed 14080K, reserved 1048576K
}
Event: 2482.371 GC heap after
{Heap after GC invocations=30 (full 0):
 garbage-first heap   total 285696K, used 177999K [0x0000000080000000, 0x0000000100000000)
  region size 1024K, 1 young (1024K), 1 survivors (1024K)
 Metaspace       used 102755K, capacity 105125K, committed 105636K, reserved 1140736K
  class space    used 13073K, capacity 13944K, committed 14080K, reserved 1048576K
}

